<?xml version="1.0" encoding="UTF-8"?>
<testng-results skipped="0" failed="0" total="1" passed="1">
  <reporter-output>
    <line>
      <![CDATA[Extent Report directory: /Users/rashedarnob/Desktop/JahidulMobileAuto/MobileAutomation/EbayApp/target/surefire-reports/html]]>
    </line>
    <line>
      <![CDATA[Click Menu]]>
    </line>
    <line>
      <![CDATA[Clicked Menu]]>
    </line>
    <line>
      <![CDATA[Click Sign In Button]]>
    </line>
    <line>
      <![CDATA[Clicked Sign In Button]]>
    </line>
    <line>
      <![CDATA[Click Email Sign In]]>
    </line>
    <line>
      <![CDATA[Clicked Email Sign In]]>
    </line>
    <line>
      <![CDATA[Sending arno@gmail.com to Email Box ]]>
    </line>
    <line>
      <![CDATA[Sending akr23 to PassWord Box ]]>
    </line>
    <line>
      <![CDATA[Click log In]]>
    </line>
    <line>
      <![CDATA[Clicked log In]]>
    </line>
  </reporter-output>
  <suite name="Test suite on Android Phone" duration-ms="43253" started-at="2019-01-13T19:16:35Z" finished-at="2019-01-13T19:17:19Z">
    <groups>
    </groups>
    <test name="Home page" duration-ms="43253" started-at="2019-01-13T19:16:35Z" finished-at="2019-01-13T19:17:19Z">
      <class name="testCases.EbaySignInpageTest">
        <test-method status="PASS" signature="extentSetup(org.testng.ITestContext)[pri:0, instance:testCases.EbaySignInpageTest@5c3bd550]" name="extentSetup" is-config="true" duration-ms="161" started-at="2019-01-13T14:16:35Z" finished-at="2019-01-13T14:16:35Z">
          <params>
            <param index="0">
              <value>
                <![CDATA[org.testng.TestRunner@3e6f3f28]]>
              </value>
            </param>
          </params>
          <reporter-output>
            <line>
              <![CDATA[Extent Report directory: /Users/rashedarnob/Desktop/JahidulMobileAuto/MobileAutomation/EbayApp/target/surefire-reports/html]]>
            </line>
          </reporter-output>
        </test-method> <!-- extentSetup -->
        <test-method status="PASS" signature="setUp(java.lang.String, java.lang.String, java.lang.String, java.lang.String, java.lang.String, java.lang.String, java.lang.String, java.lang.String, java.lang.String, java.lang.String)[pri:0, instance:testCases.EbaySignInpageTest@5c3bd550]" name="setUp" is-config="true" duration-ms="11440" started-at="2019-01-13T14:16:35Z" finished-at="2019-01-13T14:16:47Z">
          <params>
            <param index="0">
              <value>
                <![CDATA[Android]]>
              </value>
            </param>
            <param index="1">
              <value>
                <![CDATA[mobile]]>
              </value>
            </param>
            <param index="2">
              <value>
                <![CDATA[Emulator]]>
              </value>
            </param>
            <param index="3">
              <value>
                <![CDATA[Android Emulator]]>
              </value>
            </param>
            <param index="4">
              <value>
                <![CDATA[9]]>
              </value>
            </param>
            <param index="5">
              <value>
                <![CDATA[GoogleMap]]>
              </value>
            </param>
            <param index="6">
              <value>
                <![CDATA[ebay.apk]]>
              </value>
            </param>
            <param index="7">
              <value>
                <![CDATA[]]>
              </value>
            </param>
            <param index="8">
              <value>
                <![CDATA[Phone]]>
              </value>
            </param>
            <param index="9">
              <value>
                <![CDATA[]]>
              </value>
            </param>
          </params>
          <reporter-output>
          </reporter-output>
        </test-method> <!-- setUp -->
        <test-method status="PASS" signature="startExtent(java.lang.reflect.Method)[pri:0, instance:testCases.EbaySignInpageTest@5c3bd550]" name="startExtent" is-config="true" duration-ms="9" started-at="2019-01-13T14:16:47Z" finished-at="2019-01-13T14:16:47Z">
          <params>
            <param index="0">
              <value>
                <![CDATA[public void testCases.EbaySignInpageTest.signInTest()]]>
              </value>
            </param>
          </params>
          <reporter-output>
          </reporter-output>
        </test-method> <!-- startExtent -->
        <test-method status="PASS" signature="inIt()[pri:0, instance:testCases.EbaySignInpageTest@5c3bd550]" name="inIt" is-config="true" duration-ms="10" started-at="2019-01-13T14:16:47Z" finished-at="2019-01-13T14:16:47Z">
          <reporter-output>
          </reporter-output>
        </test-method> <!-- inIt -->
        <test-method status="PASS" signature="signInTest()[pri:0, instance:testCases.EbaySignInpageTest@5c3bd550]" name="signInTest" duration-ms="30280" started-at="2019-01-13T14:16:47Z" finished-at="2019-01-13T14:17:17Z">
          <reporter-output>
            <line>
              <![CDATA[Click Menu]]>
            </line>
            <line>
              <![CDATA[Clicked Menu]]>
            </line>
            <line>
              <![CDATA[Click Sign In Button]]>
            </line>
            <line>
              <![CDATA[Clicked Sign In Button]]>
            </line>
            <line>
              <![CDATA[Click Email Sign In]]>
            </line>
            <line>
              <![CDATA[Clicked Email Sign In]]>
            </line>
            <line>
              <![CDATA[Sending arno@gmail.com to Email Box ]]>
            </line>
            <line>
              <![CDATA[Sending akr23 to PassWord Box ]]>
            </line>
            <line>
              <![CDATA[Click log In]]>
            </line>
            <line>
              <![CDATA[Clicked log In]]>
            </line>
          </reporter-output>
        </test-method> <!-- signInTest -->
        <test-method status="PASS" signature="afterEachTestMethod(org.testng.ITestResult)[pri:0, instance:testCases.EbaySignInpageTest@5c3bd550]" name="afterEachTestMethod" is-config="true" duration-ms="1510" started-at="2019-01-13T14:17:17Z" finished-at="2019-01-13T14:17:19Z">
          <params>
            <param index="0">
              <value>
                <![CDATA[[TestResult name=signInTest status=SUCCESS method=EbaySignInpageTest.signInTest()[pri:0, instance:testCases.EbaySignInpageTest@5c3bd550] output=Click Menu]]]>
              </value>
            </param>
          </params>
          <reporter-output>
          </reporter-output>
        </test-method> <!-- afterEachTestMethod -->
        <test-method status="PASS" signature="generateReport()[pri:0, instance:testCases.EbaySignInpageTest@5c3bd550]" name="generateReport" is-config="true" duration-ms="32" started-at="2019-01-13T14:17:19Z" finished-at="2019-01-13T14:17:19Z">
          <reporter-output>
          </reporter-output>
        </test-method> <!-- generateReport -->
      </class> <!-- testCases.EbaySignInpageTest -->
    </test> <!-- Home page -->
  </suite> <!-- Test suite on Android Phone -->
</testng-results>
