<?xml version="1.0" encoding="UTF-8"?>
<!-- Generated by org.testng.reporters.JUnitXMLReporter -->
<testsuite hostname="Rasheds-MBP-2" name="Surefire test" tests="12" failures="1" timestamp="13 Jan 2019 19:17:20 GMT" time="0.201" errors="0">
  <testcase name="@AfterMethod afterEachTestMethod" time="0.0" classname="iPhone.PickerTest">
    <failure type="java.lang.NullPointerException">
      <![CDATA[java.lang.NullPointerException
	at base.MobileAPI.captureScreenShot(MobileAPI.java:416)
	at base.MobileAPI.afterEachTestMethod(MobileAPI.java:87)
... Removed 31 stack frames]]>
    </failure>
  </testcase> <!-- @AfterMethod afterEachTestMethod -->
  <testcase name="@BeforeMethod setUp" time="0.0" classname="iPhone.PickerTest">
    <skipped/>
  </testcase> <!-- @BeforeMethod setUp -->
  <testcase name="@BeforeMethod startExtent" time="0.0" classname="iPhone.PickerTest">
    <skipped/>
  </testcase> <!-- @BeforeMethod startExtent -->
  <testcase name="@AfterMethod afterEachTestMethod" time="0.0" classname="iPhone.PickerTest">
    <skipped/>
  </testcase> <!-- @AfterMethod afterEachTestMethod -->
  <testcase name="@BeforeMethod setUp" time="0.0" classname="iPhone.AlertsTest">
    <skipped/>
  </testcase> <!-- @BeforeMethod setUp -->
  <testcase name="@BeforeMethod startExtent" time="0.0" classname="iPhone.AlertsTest">
    <skipped/>
  </testcase> <!-- @BeforeMethod startExtent -->
  <testcase name="@AfterMethod afterEachTestMethod" time="0.0" classname="iPhone.AlertsTest">
    <skipped/>
  </testcase> <!-- @AfterMethod afterEachTestMethod -->
  <testcase name="@BeforeMethod setUp" time="0.0" classname="iPhone.AlertsTest">
    <skipped/>
  </testcase> <!-- @BeforeMethod setUp -->
  <testcase name="@BeforeMethod startExtent" time="0.0" classname="iPhone.AlertsTest">
    <skipped/>
  </testcase> <!-- @BeforeMethod startExtent -->
  <testcase name="@AfterMethod afterEachTestMethod" time="0.0" classname="iPhone.AlertsTest">
    <skipped/>
  </testcase> <!-- @AfterMethod afterEachTestMethod -->
  <testcase name="@BeforeMethod setUp" time="0.0" classname="iPhone.AlertsTest">
    <skipped/>
  </testcase> <!-- @BeforeMethod setUp -->
  <testcase name="@BeforeMethod startExtent" time="0.0" classname="iPhone.AlertsTest">
    <skipped/>
  </testcase> <!-- @BeforeMethod startExtent -->
  <testcase name="@AfterMethod afterEachTestMethod" time="0.0" classname="iPhone.AlertsTest">
    <skipped/>
  </testcase> <!-- @AfterMethod afterEachTestMethod -->
  <testcase name="@BeforeMethod setUp" time="0.0" classname="iPhone.AlertsTest">
    <skipped/>
  </testcase> <!-- @BeforeMethod setUp -->
  <testcase name="@BeforeMethod startExtent" time="0.0" classname="iPhone.AlertsTest">
    <skipped/>
  </testcase> <!-- @BeforeMethod startExtent -->
  <testcase name="@AfterMethod afterEachTestMethod" time="0.0" classname="iPhone.AlertsTest">
    <skipped/>
  </testcase> <!-- @AfterMethod afterEachTestMethod -->
  <testcase name="@BeforeMethod setUp" time="0.0" classname="iPhone.AlertsTest">
    <skipped/>
  </testcase> <!-- @BeforeMethod setUp -->
  <testcase name="@BeforeMethod startExtent" time="0.0" classname="iPhone.AlertsTest">
    <skipped/>
  </testcase> <!-- @BeforeMethod startExtent -->
  <testcase name="@AfterMethod afterEachTestMethod" time="0.0" classname="iPhone.AlertsTest">
    <skipped/>
  </testcase> <!-- @AfterMethod afterEachTestMethod -->
  <testcase name="@BeforeMethod setUp" time="0.0" classname="iPhone.AlertsTest">
    <skipped/>
  </testcase> <!-- @BeforeMethod setUp -->
  <testcase name="@BeforeMethod startExtent" time="0.0" classname="iPhone.AlertsTest">
    <skipped/>
  </testcase> <!-- @BeforeMethod startExtent -->
  <testcase name="@AfterMethod afterEachTestMethod" time="0.0" classname="iPhone.AlertsTest">
    <skipped/>
  </testcase> <!-- @AfterMethod afterEachTestMethod -->
  <testcase name="@BeforeMethod setUp" time="0.0" classname="iPhone.AlertsTest">
    <skipped/>
  </testcase> <!-- @BeforeMethod setUp -->
  <testcase name="@BeforeMethod startExtent" time="0.0" classname="iPhone.AlertsTest">
    <skipped/>
  </testcase> <!-- @BeforeMethod startExtent -->
  <testcase name="@AfterMethod afterEachTestMethod" time="0.0" classname="iPhone.AlertsTest">
    <skipped/>
  </testcase> <!-- @AfterMethod afterEachTestMethod -->
  <testcase name="@BeforeMethod setUp" time="0.0" classname="iPhone.Button2Test">
    <skipped/>
  </testcase> <!-- @BeforeMethod setUp -->
  <testcase name="@BeforeMethod startExtent" time="0.0" classname="iPhone.Button2Test">
    <skipped/>
  </testcase> <!-- @BeforeMethod startExtent -->
  <testcase name="@AfterMethod afterEachTestMethod" time="0.0" classname="iPhone.Button2Test">
    <skipped/>
  </testcase> <!-- @AfterMethod afterEachTestMethod -->
  <testcase name="@BeforeMethod setUp" time="0.0" classname="iPhone.ButtonTest">
    <skipped/>
  </testcase> <!-- @BeforeMethod setUp -->
  <testcase name="@BeforeMethod startExtent" time="0.0" classname="iPhone.ButtonTest">
    <skipped/>
  </testcase> <!-- @BeforeMethod startExtent -->
  <testcase name="@AfterMethod afterEachTestMethod" time="0.0" classname="iPhone.ButtonTest">
    <skipped/>
  </testcase> <!-- @AfterMethod afterEachTestMethod -->
  <testcase name="@BeforeMethod setUp" time="0.0" classname="iPhone.TextFieldsTest">
    <skipped/>
  </testcase> <!-- @BeforeMethod setUp -->
  <testcase name="@BeforeMethod startExtent" time="0.0" classname="iPhone.TextFieldsTest">
    <skipped/>
  </testcase> <!-- @BeforeMethod startExtent -->
  <testcase name="@AfterMethod afterEachTestMethod" time="0.0" classname="iPhone.TextFieldsTest">
    <skipped/>
  </testcase> <!-- @AfterMethod afterEachTestMethod -->
  <testcase name="testDatePicker" time="0.003" classname="iPhone.PickerTest">
    <failure type="java.lang.NullPointerException">
      <![CDATA[java.lang.NullPointerException
	at pagefactory.UiCatalogPage.UiCatalog.page(UiCatalog.java:31)
	at pagefactory.UiCatalogPage.UiCatalog.getPickers(UiCatalog.java:60)
	at iPhone.PickerTest.picker(PickerTest.java:16)
	at iPhone.PickerTest.testDatePicker(PickerTest.java:32)
... Removed 29 stack frames]]>
    </failure>
  </testcase> <!-- testDatePicker -->
  <testcase name="testUIPicker" time="0.0" classname="iPhone.PickerTest">
    <skipped/>
  </testcase> <!-- testUIPicker -->
  <testcase name="testActionSheetCustom" time="0.0" classname="iPhone.AlertsTest">
    <skipped/>
  </testcase> <!-- testActionSheetCustom -->
  <testcase name="testActionSheetOkCancel" time="0.0" classname="iPhone.AlertsTest">
    <skipped/>
  </testcase> <!-- testActionSheetOkCancel -->
  <testcase name="testActionSheetSimple" time="0.0" classname="iPhone.AlertsTest">
    <skipped/>
  </testcase> <!-- testActionSheetSimple -->
  <testcase name="testAlertCustom" time="0.0" classname="iPhone.AlertsTest">
    <skipped/>
  </testcase> <!-- testAlertCustom -->
  <testcase name="testAlertOkCancel" time="0.0" classname="iPhone.AlertsTest">
    <skipped/>
  </testcase> <!-- testAlertOkCancel -->
  <testcase name="testAlertSimple" time="0.0" classname="iPhone.AlertsTest">
    <skipped/>
  </testcase> <!-- testAlertSimple -->
  <testcase name="testSecureInput" time="0.0" classname="iPhone.AlertsTest">
    <skipped/>
  </testcase> <!-- testSecureInput -->
  <testcase name="buttonTest" time="0.0" classname="iPhone.Button2Test">
    <skipped/>
  </testcase> <!-- buttonTest -->
  <testcase name="navigate" time="0.0" classname="iPhone.ButtonTest">
    <skipped/>
  </testcase> <!-- navigate -->
  <testcase name="navigate" time="0.0" classname="iPhone.TextFieldsTest">
    <skipped/>
  </testcase> <!-- navigate -->
</testsuite> <!-- Surefire test -->
